# JRE version: Java(TM) SE Runtime Environment (8.0_281-b09) (build 1.8.0_281-b09)
# Java VM: Java HotSpot(TM) 64-Bit Server VM (25.281-b09 mixed mode windows-amd64 compressed oops)
Heap:
 PSYoungGen      total 57344K, used 42754K [0x0000000780700000, 0x0000000787700000, 0x00000007c0000000)
  eden space 49152K, 86% used [0x0000000780700000,0x00000007830c0af8,0x0000000783700000)
  from space 8192K, 0% used [0x0000000783700000,0x0000000783700000,0x0000000783f00000)
  to   space 8192K, 0% used [0x0000000786f00000,0x0000000786f00000,0x0000000787700000)
 ParOldGen       total 81408K, used 7185K [0x0000000701400000, 0x0000000706380000, 0x0000000780700000)
  object space 81408K, 8% used [0x0000000701400000,0x0000000701b04648,0x0000000706380000)
 Metaspace       used 24491K, capacity 26076K, committed 26240K, reserved 1073152K
  class space    used 3153K, capacity 3456K, committed 3456K, reserved 1048576K
GC Heap History (8 events):
Event: 1.244 GC heap before
{Heap before GC invocations=1 (full 0):
 PSYoungGen      total 57344K, used 49152K [0x0000000780700000, 0x0000000784700000, 0x00000007c0000000)
  eden space 49152K, 100% used [0x0000000780700000,0x0000000783700000,0x0000000783700000)
  from space 8192K, 0% used [0x0000000783f00000,0x0000000783f00000,0x0000000784700000)
  to   space 8192K, 0% used [0x0000000783700000,0x0000000783700000,0x0000000783f00000)
 ParOldGen       total 131072K, used 0K [0x0000000701400000, 0x0000000709400000, 0x0000000780700000)
  object space 131072K, 0% used [0x0000000701400000,0x0000000701400000,0x0000000709400000)
 Metaspace       used 12109K, capacity 12714K, committed 12928K, reserved 1060864K
  class space    used 1504K, capacity 1661K, committed 1664K, reserved 1048576K
Event: 1.254 GC heap after
Heap after GC invocations=1 (full 0):
 PSYoungGen      total 57344K, used 6800K [0x0000000780700000, 0x0000000784700000, 0x00000007c0000000)
  eden space 49152K, 0% used [0x0000000780700000,0x0000000780700000,0x0000000783700000)
  from space 8192K, 83% used [0x0000000783700000,0x0000000783da4078,0x0000000783f00000)
  to   space 8192K, 0% used [0x0000000783f00000,0x0000000783f00000,0x0000000784700000)
 ParOldGen       total 131072K, used 8K [0x0000000701400000, 0x0000000709400000, 0x0000000780700000)
  object space 131072K, 0% used [0x0000000701400000,0x0000000701402000,0x0000000709400000)
 Metaspace       used 12109K, capacity 12714K, committed 12928K, reserved 1060864K
  class space    used 1504K, capacity 1661K, committed 1664K, reserved 1048576K
}
Event: 1.663 GC heap before
{Heap before GC invocations=2 (full 0):
 PSYoungGen      total 57344K, used 55952K [0x0000000780700000, 0x0000000784700000, 0x00000007c0000000)
  eden space 49152K, 100% used [0x0000000780700000,0x0000000783700000,0x0000000783700000)
  from space 8192K, 83% used [0x0000000783700000,0x0000000783da4078,0x0000000783f00000)
  to   space 8192K, 0% used [0x0000000783f00000,0x0000000783f00000,0x0000000784700000)
 ParOldGen       total 131072K, used 8K [0x0000000701400000, 0x0000000709400000, 0x0000000780700000)
  object space 131072K, 0% used [0x0000000701400000,0x0000000701402000,0x0000000709400000)
 Metaspace       used 18944K, capacity 19794K, committed 20096K, reserved 1067008K
  class space    used 2369K, capacity 2585K, committed 2688K, reserved 1048576K
Event: 1.673 GC heap after
Heap after GC invocations=2 (full 0):
 PSYoungGen      total 57344K, used 8173K [0x0000000780700000, 0x0000000787700000, 0x00000007c0000000)
  eden space 49152K, 0% used [0x0000000780700000,0x0000000780700000,0x0000000783700000)
  from space 8192K, 99% used [0x0000000783f00000,0x00000007846fb680,0x0000000784700000)
  to   space 8192K, 0% used [0x0000000783700000,0x0000000783700000,0x0000000783f00000)
 ParOldGen       total 131072K, used 1946K [0x0000000701400000, 0x0000000709400000, 0x0000000780700000)
  object space 131072K, 1% used [0x0000000701400000,0x00000007015e6808,0x0000000709400000)
 Metaspace       used 18944K, capacity 19794K, committed 20096K, reserved 1067008K
  class space    used 2369K, capacity 2585K, committed 2688K, reserved 1048576K
}
Event: 2.136 GC heap before
{Heap before GC invocations=3 (full 0):
 PSYoungGen      total 57344K, used 33269K [0x0000000780700000, 0x0000000787700000, 0x00000007c0000000)
  eden space 49152K, 51% used [0x0000000780700000,0x0000000781f820b0,0x0000000783700000)
  from space 8192K, 99% used [0x0000000783f00000,0x00000007846fb680,0x0000000784700000)
  to   space 8192K, 0% used [0x0000000783700000,0x0000000783700000,0x0000000783f00000)
 ParOldGen       total 131072K, used 1946K [0x0000000701400000, 0x0000000709400000, 0x0000000780700000)
  object space 131072K, 1% used [0x0000000701400000,0x00000007015e6808,0x0000000709400000)
 Metaspace       used 20194K, capacity 21166K, committed 21248K, reserved 1067008K
  class space    used 2537K, capacity 2757K, committed 2816K, reserved 1048576K
Event: 2.143 GC heap after
Heap after GC invocations=3 (full 0):
 PSYoungGen      total 57344K, used 7360K [0x0000000780700000, 0x0000000787700000, 0x00000007c0000000)
  eden space 49152K, 0% used [0x0000000780700000,0x0000000780700000,0x0000000783700000)
  from space 8192K, 89% used [0x0000000783700000,0x0000000783e303c0,0x0000000783f00000)
  to   space 8192K, 0% used [0x0000000786f00000,0x0000000786f00000,0x0000000787700000)
 ParOldGen       total 131072K, used 1954K [0x0000000701400000, 0x0000000709400000, 0x0000000780700000)
  object space 131072K, 1% used [0x0000000701400000,0x00000007015e8808,0x0000000709400000)
 Metaspace       used 20194K, capacity 21166K, committed 21248K, reserved 1067008K
  class space    used 2537K, capacity 2757K, committed 2816K, reserved 1048576K
}
Event: 2.143 GC heap before
{Heap before GC invocations=4 (full 1):
 PSYoungGen      total 57344K, used 7360K [0x0000000780700000, 0x0000000787700000, 0x00000007c0000000)
  eden space 49152K, 0% used [0x0000000780700000,0x0000000780700000,0x0000000783700000)
  from space 8192K, 89% used [0x0000000783700000,0x0000000783e303c0,0x0000000783f00000)
  to   space 8192K, 0% used [0x0000000786f00000,0x0000000786f00000,0x0000000787700000)
 ParOldGen       total 131072K, used 1954K [0x0000000701400000, 0x0000000709400000, 0x0000000780700000)
  object space 131072K, 1% used [0x0000000701400000,0x00000007015e8808,0x0000000709400000)
 Metaspace       used 20194K, capacity 21166K, committed 21248K, reserved 1067008K
  class space    used 2537K, capacity 2757K, committed 2816K, reserved 1048576K
Event: 2.169 GC heap after
Heap after GC invocations=4 (full 1):
 PSYoungGen      total 57344K, used 0K [0x0000000780700000, 0x0000000787700000, 0x00000007c0000000)
  eden space 49152K, 0% used [0x0000000780700000,0x0000000780700000,0x0000000783700000)
  from space 8192K, 0% used [0x0000000783700000,0x0000000783700000,0x0000000783f00000)
  to   space 8192K, 0% used [0x0000000786f00000,0x0000000786f00000,0x0000000787700000)
 ParOldGen       total 81408K, used 7185K [0x0000000701400000, 0x0000000706380000, 0x0000000780700000)
  object space 81408K, 8% used [0x0000000701400000,0x0000000701b04648,0x0000000706380000)
 Metaspace       used 20194K, capacity 21166K, committed 21248K, reserved 1067008K
  class space    used 2537K, capacity 2757K, committed 2816K, reserved 1048576K
}

